<?xml version="1.0" encoding="UTF-8"?>
<testsuites name="Test Suites-Sign In Web Automation Practice" time="337.665" tests="5" failures="0" errors="0">
   <testsuite name="Test Suites-Sign In Web Automation Practice" tests="5" failures="0" errors="0" time="337.665" skipped="0" timestamp="2021-08-30 13:37:04" hostname="Acer - DESKTOP-TNN9576" id="Test Suites/Test Suites-Sign In Web Automation Practice">
      <properties>
         <property name="deviceName" value=""/>
         <property name="devicePlatform" value=""/>
         <property name="logFolder" value="D:\\Belajar katalon\\Projectbymaula1\\Reports\\20210830_133646\\Test Suites-Sign In Web Automation Practice\\20210830_133646"/>
         <property name="logFiles" value="D:\\Belajar katalon\\Projectbymaula1\\Reports\\20210830_133646\\Test Suites-Sign In Web Automation Practice\\20210830_133646\\execution0.log"/>
         <property name="attachments" value=""/>
         <property name="hostName" value="Acer - DESKTOP-TNN9576"/>
         <property name="os" value="Windows 10 64bit"/>
         <property name="katalonVersion" value="8.1.0.208"/>
         <property name="browser" value="Chrome 92.0.4515.159"/>
         <property name="hostAddress" value="192.168.100.40"/>
         <property name="sessionId" value="a6a9586be55b8f4114b06d2dc5fe16cf"/>
         <property name="seleniumVersion" value="3.141.59"/>
         <property name="proxyInformation" value="ProxyInformation { proxyOption=NO_PROXY, proxyServerType=HTTP, username=, password=********, proxyServerAddress=, proxyServerPort=0, executionList=&quot;&quot;, isApplyToDesiredCapabilities=true }"/>
         <property name="platform" value="Windows 10"/>
      </properties>
      <testcase name="Test Cases/Web Sign In with Valid Data" time="82.7" classname="Test Cases/Web Sign In with Valid Data" status="PASSED">
         <system-out><![CDATA[2021-08-30 13:37:04 - [TEST_CASE][PASSED] - Test Cases/Web Sign In with Valid Data: Test Cases/Web Sign In with Valid Data

2021-08-30 13:37:05 - [TEST_STEP][PASSED] - openBrowser(""): Browser is opened with url: ''

2021-08-30 13:37:06 - [MESSAGE][INFO] - Starting 'Chrome' driver

2021-08-30 13:37:07 - [MESSAGE][INFO] - Action delay is set to 0 milliseconds

2021-08-30 13:37:12 - [MESSAGE][PASSED] - Browser is opened with url: ''

2021-08-30 13:37:12 - [TEST_STEP][PASSED] - navigateToUrl("http://automationpractice.com/index.php"): Navigate to 'http://automationpractice.com/index.php' successfully

2021-08-30 13:37:50 - [MESSAGE][PASSED] - Navigate to 'http://automationpractice.com/index.php' successfully

2021-08-30 13:37:50 - [TEST_STEP][PASSED] - click(findTestObject("Object Repository/Page_My Store/a_Sign in")): Object: 'Object Repository/Page_My Store/a_Sign in' is clicked on

2021-08-30 13:38:05 - [MESSAGE][PASSED] - Object: 'Object Repository/Page_My Store/a_Sign in' is clicked on

2021-08-30 13:38:05 - [TEST_STEP][PASSED] - setText(findTestObject("Object Repository/Page_Login - My Store/input_Email address_email"), "testkata@mailsac.com"): Text 'testkata@mailsac.com' is set on object 'Object Repository/Page_Login - My Store/input_Email address_email'

2021-08-30 13:38:07 - [MESSAGE][PASSED] - Text 'testkata@mailsac.com' is set on object 'Object Repository/Page_Login - My Store/input_Email address_email'

2021-08-30 13:38:07 - [TEST_STEP][PASSED] - setEncryptedText(findTestObject("Object Repository/Page_Login - My Store/input_Password_passwd"), "RigbBhfdqOBGNlJIWM1ClA=="): Text ****** has been set on object 'Object Repository/Page_Login - My Store/input_Password_passwd'

2021-08-30 13:38:09 - [MESSAGE][PASSED] - Text ****** has been set on object 'Object Repository/Page_Login - My Store/input_Password_passwd'

2021-08-30 13:38:09 - [TEST_STEP][PASSED] - click(findTestObject("Object Repository/Page_Login - My Store/span_Sign in")): Object: 'Object Repository/Page_Login - My Store/span_Sign in' is clicked on

2021-08-30 13:38:22 - [MESSAGE][PASSED] - Object: 'Object Repository/Page_Login - My Store/span_Sign in' is clicked on

2021-08-30 13:38:22 - [TEST_STEP][PASSED] - delay(3): Delayed 3 second(s)

2021-08-30 13:38:25 - [MESSAGE][PASSED] - Delayed 3 second(s)

2021-08-30 13:38:25 - [TEST_STEP][PASSED] - verifyElementPresent(findTestObject("Page_My account - My Store/p_Welcome to your account. Here you can man_a77dad"), 0): Object 'Object Repository/Page_My account - My Store/p_Welcome to your account. Here you can man_a77dad' is present

2021-08-30 13:38:26 - [MESSAGE][WARNING] - Timeout '0' is invalid. Using default page load timeout: '30'

2021-08-30 13:38:26 - [MESSAGE][PASSED] - Object 'Object Repository/Page_My account - My Store/p_Welcome to your account. Here you can man_a77dad' is present

2021-08-30 13:38:26 - [TEST_STEP][PASSED] - closeBrowser(): Browser is closed

2021-08-30 13:38:27 - [MESSAGE][PASSED] - Browser is closed]]></system-out>
         <system-err><![CDATA[]]></system-err>
      </testcase>
      <testcase name="Test Cases/Web Sign In with Incorrect Password" time="75.227" classname="Test Cases/Web Sign In with Incorrect Password" status="PASSED">
         <system-out><![CDATA[2021-08-30 13:38:27 - [TEST_CASE][PASSED] - Test Cases/Web Sign In with Incorrect Password: Test Cases/Web Sign In with Incorrect Password

2021-08-30 13:38:28 - [TEST_STEP][PASSED] - openBrowser(""): Browser is opened with url: ''

2021-08-30 13:38:28 - [MESSAGE][INFO] - Starting 'Chrome' driver

2021-08-30 13:38:28 - [MESSAGE][INFO] - Action delay is set to 0 milliseconds

2021-08-30 13:38:30 - [MESSAGE][PASSED] - Browser is opened with url: ''

2021-08-30 13:38:30 - [TEST_STEP][PASSED] - navigateToUrl("http://automationpractice.com/index.php"): Navigate to 'http://automationpractice.com/index.php' successfully

2021-08-30 13:39:02 - [MESSAGE][PASSED] - Navigate to 'http://automationpractice.com/index.php' successfully

2021-08-30 13:39:02 - [TEST_STEP][PASSED] - click(findTestObject("Object Repository/Page_My Store/a_Sign in")): Object: 'Object Repository/Page_My Store/a_Sign in' is clicked on

2021-08-30 13:39:31 - [MESSAGE][PASSED] - Object: 'Object Repository/Page_My Store/a_Sign in' is clicked on

2021-08-30 13:39:31 - [TEST_STEP][PASSED] - setText(findTestObject("Object Repository/Page_Login - My Store/input_Email address_email"), "maubuattest157@gmail.com"): Text 'maubuattest157@gmail.com' is set on object 'Object Repository/Page_Login - My Store/input_Email address_email'

2021-08-30 13:39:32 - [MESSAGE][PASSED] - Text 'maubuattest157@gmail.com' is set on object 'Object Repository/Page_Login - My Store/input_Email address_email'

2021-08-30 13:39:32 - [TEST_STEP][PASSED] - setEncryptedText(findTestObject("Object Repository/Page_Login - My Store/input_Password_passwd"), "BnBcLDdD/kw="): Text ****** has been set on object 'Object Repository/Page_Login - My Store/input_Password_passwd'

2021-08-30 13:39:33 - [MESSAGE][PASSED] - Text ****** has been set on object 'Object Repository/Page_Login - My Store/input_Password_passwd'

2021-08-30 13:39:33 - [TEST_STEP][PASSED] - click(findTestObject("Object Repository/Page_Login - My Store/span_Sign in")): Object: 'Object Repository/Page_Login - My Store/span_Sign in' is clicked on

2021-08-30 13:39:38 - [MESSAGE][PASSED] - Object: 'Object Repository/Page_Login - My Store/span_Sign in' is clicked on

2021-08-30 13:39:38 - [TEST_STEP][PASSED] - delay(3): Delayed 3 second(s)

2021-08-30 13:39:41 - [MESSAGE][PASSED] - Delayed 3 second(s)

2021-08-30 13:39:41 - [TEST_STEP][PASSED] - verifyElementPresent(findTestObject("Page_Login - My Store/Message error incorrect password"), 0): Object 'Object Repository/Page_Login - My Store/Message error incorrect password' is present

2021-08-30 13:39:41 - [MESSAGE][WARNING] - Timeout '0' is invalid. Using default page load timeout: '30'

2021-08-30 13:39:42 - [MESSAGE][PASSED] - Object 'Object Repository/Page_Login - My Store/Message error incorrect password' is present

2021-08-30 13:39:42 - [TEST_STEP][PASSED] - closeBrowser(): Browser is closed

2021-08-30 13:39:42 - [MESSAGE][PASSED] - Browser is closed]]></system-out>
         <system-err><![CDATA[]]></system-err>
      </testcase>
      <testcase name="Test Cases/Web Sign In with Empty Password" time="70.253" classname="Test Cases/Web Sign In with Empty Password" status="PASSED">
         <system-out><![CDATA[2021-08-30 13:39:42 - [TEST_CASE][PASSED] - Test Cases/Web Sign In with Empty Password: Test Cases/Web Sign In with Empty Password

2021-08-30 13:39:43 - [TEST_STEP][PASSED] - openBrowser(""): Browser is opened with url: ''

2021-08-30 13:39:43 - [MESSAGE][INFO] - Starting 'Chrome' driver

2021-08-30 13:39:43 - [MESSAGE][INFO] - Action delay is set to 0 milliseconds

2021-08-30 13:39:45 - [MESSAGE][PASSED] - Browser is opened with url: ''

2021-08-30 13:39:45 - [TEST_STEP][PASSED] - navigateToUrl("http://automationpractice.com/index.php"): Navigate to 'http://automationpractice.com/index.php' successfully

2021-08-30 13:40:06 - [MESSAGE][PASSED] - Navigate to 'http://automationpractice.com/index.php' successfully

2021-08-30 13:40:06 - [TEST_STEP][PASSED] - click(findTestObject("Object Repository/Page_My Store/a_Sign in")): Object: 'Object Repository/Page_My Store/a_Sign in' is clicked on

2021-08-30 13:40:16 - [MESSAGE][PASSED] - Object: 'Object Repository/Page_My Store/a_Sign in' is clicked on

2021-08-30 13:40:16 - [TEST_STEP][PASSED] - setText(findTestObject("Object Repository/Page_Login - My Store/input_Email address_email"), "maubuattest157@gmail.com"): Text 'maubuattest157@gmail.com' is set on object 'Object Repository/Page_Login - My Store/input_Email address_email'

2021-08-30 13:40:41 - [MESSAGE][PASSED] - Text 'maubuattest157@gmail.com' is set on object 'Object Repository/Page_Login - My Store/input_Email address_email'

2021-08-30 13:40:41 - [TEST_STEP][PASSED] - click(findTestObject("Object Repository/Page_Login - My Store/span_Sign in")): Object: 'Object Repository/Page_Login - My Store/span_Sign in' is clicked on

2021-08-30 13:40:48 - [MESSAGE][PASSED] - Object: 'Object Repository/Page_Login - My Store/span_Sign in' is clicked on

2021-08-30 13:40:48 - [TEST_STEP][PASSED] - delay(3): Delayed 3 second(s)

2021-08-30 13:40:51 - [MESSAGE][PASSED] - Delayed 3 second(s)

2021-08-30 13:40:51 - [TEST_STEP][PASSED] - verifyElementPresent(findTestObject("Page_Login - My Store/Message error Password is required"), 0): Object 'Object Repository/Page_Login - My Store/Message error Password is required' is present

2021-08-30 13:40:52 - [MESSAGE][WARNING] - Timeout '0' is invalid. Using default page load timeout: '30'

2021-08-30 13:40:52 - [MESSAGE][PASSED] - Object 'Object Repository/Page_Login - My Store/Message error Password is required' is present

2021-08-30 13:40:52 - [TEST_STEP][PASSED] - closeBrowser(): Browser is closed

2021-08-30 13:40:53 - [MESSAGE][PASSED] - Browser is closed]]></system-out>
         <system-err><![CDATA[]]></system-err>
      </testcase>
      <testcase name="Test Cases/Web Sign In with Empty Email" time="52.653" classname="Test Cases/Web Sign In with Empty Email" status="PASSED">
         <system-out><![CDATA[2021-08-30 13:40:53 - [TEST_CASE][PASSED] - Test Cases/Web Sign In with Empty Email: Test Cases/Web Sign In with Empty Email

2021-08-30 13:40:53 - [TEST_STEP][PASSED] - openBrowser(""): Browser is opened with url: ''

2021-08-30 13:40:53 - [MESSAGE][INFO] - Starting 'Chrome' driver

2021-08-30 13:40:53 - [MESSAGE][INFO] - Action delay is set to 0 milliseconds

2021-08-30 13:40:55 - [MESSAGE][PASSED] - Browser is opened with url: ''

2021-08-30 13:40:55 - [TEST_STEP][PASSED] - navigateToUrl("http://automationpractice.com/index.php"): Navigate to 'http://automationpractice.com/index.php' successfully

2021-08-30 13:41:16 - [MESSAGE][PASSED] - Navigate to 'http://automationpractice.com/index.php' successfully

2021-08-30 13:41:16 - [TEST_STEP][PASSED] - click(findTestObject("Object Repository/Page_My Store/a_Sign in")): Object: 'Object Repository/Page_My Store/a_Sign in' is clicked on

2021-08-30 13:41:27 - [MESSAGE][PASSED] - Object: 'Object Repository/Page_My Store/a_Sign in' is clicked on

2021-08-30 13:41:27 - [TEST_STEP][PASSED] - setText(findTestObject("Object Repository/Page_Login - My Store/input_Email address_email"), ""): Text '' is set on object 'Object Repository/Page_Login - My Store/input_Email address_email'

2021-08-30 13:41:31 - [MESSAGE][PASSED] - Text '' is set on object 'Object Repository/Page_Login - My Store/input_Email address_email'

2021-08-30 13:41:31 - [TEST_STEP][PASSED] - setEncryptedText(findTestObject("Object Repository/Page_Login - My Store/input_Password_passwd"), "RigbBhfdqOBGNlJIWM1ClA=="): Text ****** has been set on object 'Object Repository/Page_Login - My Store/input_Password_passwd'

2021-08-30 13:41:32 - [MESSAGE][PASSED] - Text ****** has been set on object 'Object Repository/Page_Login - My Store/input_Password_passwd'

2021-08-30 13:41:32 - [TEST_STEP][PASSED] - click(findTestObject("Object Repository/Page_Login - My Store/span_Sign in")): Object: 'Object Repository/Page_Login - My Store/span_Sign in' is clicked on

2021-08-30 13:41:41 - [MESSAGE][PASSED] - Object: 'Object Repository/Page_Login - My Store/span_Sign in' is clicked on

2021-08-30 13:41:41 - [TEST_STEP][PASSED] - delay(3): Delayed 3 second(s)

2021-08-30 13:41:44 - [MESSAGE][PASSED] - Delayed 3 second(s)

2021-08-30 13:41:44 - [TEST_STEP][PASSED] - verifyElementPresent(findTestObject("Page_Login - My Store/Mesage error An email address required"), 0): Object 'Object Repository/Page_Login - My Store/Mesage error An email address required' is present

2021-08-30 13:41:44 - [MESSAGE][WARNING] - Timeout '0' is invalid. Using default page load timeout: '30'

2021-08-30 13:41:44 - [MESSAGE][PASSED] - Object 'Object Repository/Page_Login - My Store/Mesage error An email address required' is present

2021-08-30 13:41:44 - [TEST_STEP][PASSED] - closeBrowser(): Browser is closed

2021-08-30 13:41:45 - [MESSAGE][PASSED] - Browser is closed]]></system-out>
         <system-err><![CDATA[]]></system-err>
      </testcase>
      <testcase name="Test Cases/Web Sign In with Email Not Registered" time="54.626" classname="Test Cases/Web Sign In with Email Not Registered" status="PASSED">
         <system-out><![CDATA[2021-08-30 13:41:45 - [TEST_CASE][PASSED] - Test Cases/Web Sign In with Email Not Registered: Test Cases/Web Sign In with Email Not Registered

2021-08-30 13:41:46 - [TEST_STEP][PASSED] - openBrowser(""): Browser is opened with url: ''

2021-08-30 13:41:46 - [MESSAGE][INFO] - Starting 'Chrome' driver

2021-08-30 13:41:46 - [MESSAGE][INFO] - Action delay is set to 0 milliseconds

2021-08-30 13:41:48 - [MESSAGE][PASSED] - Browser is opened with url: ''

2021-08-30 13:41:48 - [TEST_STEP][PASSED] - navigateToUrl("http://automationpractice.com/index.php"): Navigate to 'http://automationpractice.com/index.php' successfully

2021-08-30 13:42:07 - [MESSAGE][PASSED] - Navigate to 'http://automationpractice.com/index.php' successfully

2021-08-30 13:42:07 - [TEST_STEP][PASSED] - click(findTestObject("Object Repository/Page_My Store/a_Sign in")): Object: 'Object Repository/Page_My Store/a_Sign in' is clicked on

2021-08-30 13:42:20 - [MESSAGE][PASSED] - Object: 'Object Repository/Page_My Store/a_Sign in' is clicked on

2021-08-30 13:42:20 - [TEST_STEP][PASSED] - setText(findTestObject("Object Repository/Page_Login - My Store/input_Email address_email"), "testkata123@mailsac.com"): Text 'testkata123@mailsac.com' is set on object 'Object Repository/Page_Login - My Store/input_Email address_email'

2021-08-30 13:42:24 - [MESSAGE][PASSED] - Text 'testkata123@mailsac.com' is set on object 'Object Repository/Page_Login - My Store/input_Email address_email'

2021-08-30 13:42:24 - [TEST_STEP][PASSED] - setEncryptedText(findTestObject("Object Repository/Page_Login - My Store/input_Password_passwd"), "RigbBhfdqOBGNlJIWM1ClA=="): Text ****** has been set on object 'Object Repository/Page_Login - My Store/input_Password_passwd'

2021-08-30 13:42:24 - [MESSAGE][PASSED] - Text ****** has been set on object 'Object Repository/Page_Login - My Store/input_Password_passwd'

2021-08-30 13:42:24 - [TEST_STEP][PASSED] - click(findTestObject("Object Repository/Page_Login - My Store/span_Sign in")): Object: 'Object Repository/Page_Login - My Store/span_Sign in' is clicked on

2021-08-30 13:42:36 - [MESSAGE][PASSED] - Object: 'Object Repository/Page_Login - My Store/span_Sign in' is clicked on

2021-08-30 13:42:36 - [TEST_STEP][PASSED] - delay(3): Delayed 3 second(s)

2021-08-30 13:42:39 - [MESSAGE][PASSED] - Delayed 3 second(s)

2021-08-30 13:42:39 - [TEST_STEP][PASSED] - verifyElementPresent(findTestObject("Page_Login - My Store/Message Error Authentication failed"), 0): Object 'Object Repository/Page_Login - My Store/Message Error Authentication failed' is present

2021-08-30 13:42:39 - [MESSAGE][WARNING] - Timeout '0' is invalid. Using default page load timeout: '30'

2021-08-30 13:42:39 - [MESSAGE][PASSED] - Object 'Object Repository/Page_Login - My Store/Message Error Authentication failed' is present

2021-08-30 13:42:39 - [TEST_STEP][PASSED] - closeBrowser(): Browser is closed

2021-08-30 13:42:40 - [MESSAGE][PASSED] - Browser is closed]]></system-out>
         <system-err><![CDATA[]]></system-err>
      </testcase>
      <system-out><![CDATA[2021-08-30 13:37:04 - [TEST_SUITE][PASSED] - Test Suites-Sign In Web Automation Practice: Test Cases/Web Sign In with Email Not Registered]]></system-out>
      <system-err><![CDATA[]]></system-err>
   </testsuite>
</testsuites>
