<?xml version="1.0" encoding="UTF-8"?>
<testsuites name="Test Suite API" time="17.506" tests="1" failures="0" errors="0">
   <testsuite name="Test Suite API" tests="1" failures="0" errors="0" time="17.506" skipped="0" timestamp="2021-08-30 13:29:02" hostname="Acer - DESKTOP-TNN9576" id="Test Suites/Test Suite API">
      <properties>
         <property name="deviceName" value=""/>
         <property name="devicePlatform" value=""/>
         <property name="logFolder" value="D:\\Belajar katalon\\API\\Reports\\20210830_132842\\Test Suite API\\20210830_132842"/>
         <property name="logFiles" value="D:\\Belajar katalon\\API\\Reports\\20210830_132842\\Test Suite API\\20210830_132842\\execution0.log"/>
         <property name="attachments" value=""/>
         <property name="hostName" value="Acer - DESKTOP-TNN9576"/>
         <property name="hostAddress" value="192.168.100.40"/>
         <property name="os" value="Windows 10 64bit"/>
         <property name="katalonVersion" value="8.1.0.208"/>
      </properties>
      <testcase name="Test Cases/Verify Test" time="15.374" classname="Test Cases/Verify Test" status="PASSED">
         <system-out><![CDATA[2021-08-30 13:29:03 - [TEST_CASE][PASSED] - Test Cases/Verify Test: Test Cases/Verify Test

2021-08-30 13:29:04 - [TEST_STEP][PASSED] - sendRequestAndVerify(findTestObject("Create User")): Send request and verify the response successfully

2021-08-30 13:29:10 - [MESSAGE][INFO] - HAR: D:\Belajar katalon\API\Reports\20210830_132842\Test Suite API\20210830_132842\requests\main\0.har

2021-08-30 13:29:10 - [TEST_CASE][PASSED] - Start Test Case : Verification: Verification accomplished successfully

2021-08-30 13:29:11 - [TEST_STEP][PASSED] - request = getInstance().getCurrentRequest(): null

2021-08-30 13:29:11 - [TEST_STEP][PASSED] - response = getInstance().getCurrentResponse(): null

2021-08-30 13:29:11 - [MESSAGE][PASSED] - Verify response successfully

2021-08-30 13:29:11 - [MESSAGE][PASSED] - Send request and verify the response successfully

2021-08-30 13:29:11 - [TEST_STEP][PASSED] - sendRequestAndVerify(findTestObject("Get User")): Send request and verify the response successfully

2021-08-30 13:29:14 - [MESSAGE][INFO] - HAR: D:\Belajar katalon\API\Reports\20210830_132842\Test Suite API\20210830_132842\requests\main\1.har

2021-08-30 13:29:14 - [TEST_CASE][PASSED] - Start Test Case : Verification: Verification accomplished successfully

2021-08-30 13:29:14 - [TEST_STEP][PASSED] - request = getInstance().getCurrentRequest(): null

2021-08-30 13:29:14 - [TEST_STEP][PASSED] - response = getInstance().getCurrentResponse(): null

2021-08-30 13:29:14 - [TEST_STEP][PASSED] - verifyResponseStatusCode(response, 200): Verify response status code successfully

2021-08-30 13:29:14 - [MESSAGE][PASSED] - Verify response status code successfully

2021-08-30 13:29:14 - [TEST_STEP][PASSED] - getStatusCode()).isEqualTo(200): null

2021-08-30 13:29:15 - [MESSAGE][PASSED] - Verify response successfully

2021-08-30 13:29:15 - [MESSAGE][PASSED] - Send request and verify the response successfully

2021-08-30 13:29:15 - [TEST_STEP][PASSED] - sendRequestAndVerify(findTestObject("Update User")): Send request and verify the response successfully

2021-08-30 13:29:17 - [MESSAGE][INFO] - HAR: D:\Belajar katalon\API\Reports\20210830_132842\Test Suite API\20210830_132842\requests\main\2.har

2021-08-30 13:29:17 - [TEST_CASE][PASSED] - Start Test Case : Verification: Verification accomplished successfully

2021-08-30 13:29:17 - [TEST_STEP][PASSED] - request = getInstance().getCurrentRequest(): null

2021-08-30 13:29:17 - [TEST_STEP][PASSED] - response = getInstance().getCurrentResponse(): null

2021-08-30 13:29:17 - [MESSAGE][PASSED] - Verify response successfully

2021-08-30 13:29:17 - [MESSAGE][PASSED] - Send request and verify the response successfully

2021-08-30 13:29:17 - [TEST_STEP][PASSED] - sendRequestAndVerify(findTestObject("Delete User")): Send request and verify the response successfully

2021-08-30 13:29:18 - [MESSAGE][INFO] - HAR: D:\Belajar katalon\API\Reports\20210830_132842\Test Suite API\20210830_132842\requests\main\3.har

2021-08-30 13:29:18 - [TEST_CASE][PASSED] - Start Test Case : Verification: Verification accomplished successfully

2021-08-30 13:29:19 - [TEST_STEP][PASSED] - request = getInstance().getCurrentRequest(): null

2021-08-30 13:29:19 - [TEST_STEP][PASSED] - response = getInstance().getCurrentResponse(): null

2021-08-30 13:29:19 - [MESSAGE][PASSED] - Verify response successfully

2021-08-30 13:29:19 - [MESSAGE][PASSED] - Send request and verify the response successfully]]></system-out>
         <system-err><![CDATA[]]></system-err>
      </testcase>
      <system-out><![CDATA[2021-08-30 13:29:02 - [TEST_SUITE][PASSED] - Test Suite API: Test Cases/Verify Test]]></system-out>
      <system-err><![CDATA[]]></system-err>
   </testsuite>
</testsuites>
